2016-05-29 13:05:04,487 WARNING [FILE:base.py LINE:182] Not Found: /jz/details.
2016-05-29 13:21:58,270 ERROR [FILE:views.py LINE:94] enter register from mobile client
2016-05-29 13:21:59,809 ERROR [FILE:views.py LINE:94] enter register from mobile client
2016-05-29 14:04:05,300 WARNING [FILE:views.py LINE:98] enter register from mobile client
2016-05-29 14:04:54,154 WARNING [FILE:views.py LINE:98] enter register from mobile client
2016-05-29 14:04:54,160 WARNING [FILE:views.py LINE:115] f1e0c17f00006aab83494d01ca1108a855f0faad
2016-05-29 14:11:46,346 WARNING [FILE:views.py LINE:98] enter register from mobile client
2016-05-29 14:11:46,359 WARNING [FILE:views.py LINE:115] f1e0c17f00006aab83494d01ca1108a855f0faad
2016-05-29 14:14:00,856 WARNING [FILE:views.py LINE:114] f1e0c17f00006aab83494d01ca1108a855f0faad
2016-05-29 14:14:20,156 WARNING [FILE:views.py LINE:114] f1e0c17f00006aab83494d01ca1108a855f0faad
2016-05-29 14:15:46,518 WARNING [FILE:views.py LINE:114] f1e0c17f00006aab83494d01ca1108a855f0faad
2016-05-29 14:17:14,838 WARNING [FILE:views.py LINE:48] warn message
2016-05-29 14:17:14,838 ERROR [FILE:views.py LINE:49] error message
2016-05-29 14:17:14,839 CRITICAL [FILE:views.py LINE:50] critical message
2016-05-29 14:17:43,171 WARNING [FILE:views.py LINE:48] warn message
2016-05-29 14:17:43,171 ERROR [FILE:views.py LINE:49] error message
2016-05-29 14:17:43,172 CRITICAL [FILE:views.py LINE:50] critical message
2016-05-29 14:18:02,132 WARNING [FILE:views.py LINE:48] warn message
2016-05-29 14:18:02,133 ERROR [FILE:views.py LINE:49] error message
2016-05-29 14:18:02,133 CRITICAL [FILE:views.py LINE:50] critical message
2016-05-29 14:20:00,522 WARNING [FILE:views.py LINE:48] warn message
2016-05-29 14:20:00,522 ERROR [FILE:views.py LINE:49] error message
2016-05-29 14:20:00,523 CRITICAL [FILE:views.py LINE:50] critical message
2016-05-29 14:20:41,166 WARNING [FILE:views.py LINE:48] warn message
2016-05-29 14:20:41,167 ERROR [FILE:views.py LINE:49] error message
2016-05-29 14:20:41,168 CRITICAL [FILE:views.py LINE:50] critical message
2016-05-29 14:21:21,457 WARNING [FILE:views.py LINE:49] warn message
2016-05-29 14:21:21,457 ERROR [FILE:views.py LINE:50] error message
2016-05-29 14:21:21,458 CRITICAL [FILE:views.py LINE:51] critical message
2016-05-29 14:21:23,985 WARNING [FILE:views.py LINE:49] warn message
2016-05-29 14:21:23,985 ERROR [FILE:views.py LINE:50] error message
2016-05-29 14:21:23,985 CRITICAL [FILE:views.py LINE:51] critical message
2016-05-29 14:22:29,295 DEBUG [FILE:views.py LINE:47] debug message
2016-05-29 14:22:29,296 INFO [FILE:views.py LINE:48] info message
2016-05-29 14:22:29,296 WARNING [FILE:views.py LINE:49] warn message
2016-05-29 14:22:29,297 ERROR [FILE:views.py LINE:50] error message
2016-05-29 14:22:29,297 CRITICAL [FILE:views.py LINE:51] critical message
2016-05-31 21:18:01,995 WARNING [FILE:views.py LINE:49] warn message
2016-05-31 21:18:02,010 ERROR [FILE:views.py LINE:50] error message
2016-05-31 21:18:02,010 CRITICAL [FILE:views.py LINE:51] critical message
2016-10-17 23:12:14,077 INFO [FILE:permissions.py LINE:13] ==============IsOwnerOrReadOnly====================
2016-10-17 23:12:14,095 INFO [FILE:permissions.py LINE:16] you are the owner, continue
2016-10-17 23:12:14,107 INFO [FILE:models.py LINE:146] 0.0
2016-10-17 23:12:14,107 INFO [FILE:models.py LINE:149] image1
2016-10-17 23:12:14,108 INFO [FILE:models.py LINE:135] E:\work\zx\media\
2016-10-17 23:12:14,108 INFO [FILE:models.py LINE:140] remove fail: file not exist
2016-10-17 23:12:14,109 INFO [FILE:models.py LINE:149] image2
2016-10-17 23:12:14,109 INFO [FILE:models.py LINE:135] E:\work\zx\media\
2016-10-17 23:12:14,110 INFO [FILE:models.py LINE:140] remove fail: file not exist
2016-10-17 23:12:14,110 INFO [FILE:models.py LINE:149] image3
2016-10-17 23:12:14,110 INFO [FILE:models.py LINE:135] E:\work\zx\media\
2016-10-17 23:12:14,111 INFO [FILE:models.py LINE:140] remove fail: file not exist
2016-10-17 23:12:14,112 INFO [FILE:models.py LINE:149] image4
2016-10-17 23:12:14,112 INFO [FILE:models.py LINE:135] E:\work\zx\media\
2016-10-17 23:12:14,113 INFO [FILE:models.py LINE:140] remove fail: file not exist
2016-10-17 23:13:42,287 INFO [FILE:permissions.py LINE:13] ==============IsOwnerOrReadOnly====================
2016-10-17 23:13:42,290 INFO [FILE:permissions.py LINE:16] you are the owner, continue
2016-10-17 23:13:42,299 INFO [FILE:models.py LINE:146] 0.0
2016-10-17 23:13:42,299 INFO [FILE:models.py LINE:149] image1
2016-10-17 23:13:42,300 INFO [FILE:models.py LINE:135] E:\work\zx\media\
2016-10-17 23:13:42,300 INFO [FILE:models.py LINE:140] remove fail: file not exist
2016-10-17 23:13:42,301 INFO [FILE:models.py LINE:149] image2
2016-10-17 23:13:42,301 INFO [FILE:models.py LINE:135] E:\work\zx\media\
2016-10-17 23:13:42,302 INFO [FILE:models.py LINE:140] remove fail: file not exist
2016-10-17 23:13:42,302 INFO [FILE:models.py LINE:149] image3
2016-10-17 23:13:42,302 INFO [FILE:models.py LINE:135] E:\work\zx\media\
2016-10-17 23:13:42,303 INFO [FILE:models.py LINE:140] remove fail: file not exist
2016-10-17 23:13:42,304 INFO [FILE:models.py LINE:149] image4
2016-10-17 23:13:42,305 INFO [FILE:models.py LINE:135] E:\work\zx\media\
2016-10-17 23:13:42,306 INFO [FILE:models.py LINE:140] remove fail: file not exist
2016-10-23 23:39:23,546 ERROR [FILE:views.py LINE:415] No App uploaded from Admin
2016-10-26 22:43:06,572 ERROR [FILE:views.py LINE:415] No App uploaded from Admin
2016-10-26 22:44:58,269 ERROR [FILE:views.py LINE:415] No App uploaded from Admin
2016-10-26 23:00:24,934 ERROR [FILE:views.py LINE:415] No App uploaded from Admin
2016-10-28 20:25:38,101 ERROR [FILE:views.py LINE:415] No App uploaded from Admin
2016-10-28 20:35:57,848 ERROR [FILE:views.py LINE:415] No App uploaded from Admin
2016-10-28 21:19:41,075 ERROR [FILE:views.py LINE:415] No App uploaded from Admin
2016-10-28 21:20:08,931 ERROR [FILE:views.py LINE:415] No App uploaded from Admin
2016-10-28 23:01:23,775 ERROR [FILE:views.py LINE:415] No App uploaded from Admin
2016-10-28 23:03:46,975 ERROR [FILE:views.py LINE:415] No App uploaded from Admin
2016-10-28 23:11:36,386 ERROR [FILE:views.py LINE:415] No App uploaded from Admin
2016-10-28 23:21:04,385 ERROR [FILE:views.py LINE:416] No App uploaded from Admin
2016-10-28 23:25:41,477 ERROR [FILE:views.py LINE:416] No App uploaded from Admin
2016-10-28 23:41:38,968 ERROR [FILE:views.py LINE:417] No App uploaded from Admin
2016-10-28 23:42:10,349 ERROR [FILE:views.py LINE:417] No App uploaded from Admin
2016-10-28 23:42:25,494 ERROR [FILE:views.py LINE:417] No App uploaded from Admin
2016-10-29 22:42:58,146 ERROR [FILE:views.py LINE:425] No App uploaded from Admin
2016-10-29 22:47:08,000 ERROR [FILE:views.py LINE:425] No App uploaded from Admin
2016-10-29 22:49:36,082 ERROR [FILE:views.py LINE:425] No App uploaded from Admin
2016-10-29 22:56:40,322 ERROR [FILE:views.py LINE:425] No App uploaded from Admin
2016-10-29 22:56:50,569 ERROR [FILE:views.py LINE:425] No App uploaded from Admin
2016-10-29 22:57:41,760 ERROR [FILE:views.py LINE:425] No App uploaded from Admin
2016-10-29 22:59:19,714 ERROR [FILE:views.py LINE:425] No App uploaded from Admin
2016-10-29 22:59:30,629 ERROR [FILE:views.py LINE:425] No App uploaded from Admin
2016-10-29 22:59:49,530 ERROR [FILE:views.py LINE:425] No App uploaded from Admin
2016-10-29 23:02:42,685 ERROR [FILE:views.py LINE:425] No App uploaded from Admin
2016-10-29 23:03:24,753 ERROR [FILE:views.py LINE:425] No App uploaded from Admin
